<?xml version="1.0" encoding="UTF-8"?>
<coverage generated="1780398061338" clover="3.2.0">
  <project timestamp="1780398061338" name="All files">
    <metrics statements="241" coveredstatements="241" conditionals="118" coveredconditionals="89" methods="12" coveredmethods="12" elements="371" coveredelements="342" complexity="0" loc="241" ncloc="241" packages="1" files="2" classes="2"/>
    <file name="financial-math.ts" path="/Users/piotrlangowski/Documents/Sherpa/src/lib/shared/financial-math.ts">
      <metrics statements="241" coveredstatements="241" conditionals="118" coveredconditionals="89" methods="12" coveredmethods="12"/>
      <line num="35" count="18" type="stmt"/>
      <line num="36" count="18" type="stmt"/>
      <line num="38" count="18" type="cond" truecount="1" falsecount="1"/>
      <line num="39" count="18" type="cond" truecount="1" falsecount="1"/>
      <line num="40" count="18" type="cond" truecount="1" falsecount="1"/>
      <line num="41" count="18" type="cond" truecount="1" falsecount="1"/>
      <line num="42" count="18" type="cond" truecount="1" falsecount="1"/>
      <line num="43" count="18" type="cond" truecount="1" falsecount="1"/>
      <line num="44" count="18" type="cond" truecount="1" falsecount="1"/>
      <line num="45" count="18" type="cond" truecount="1" falsecount="1"/>
      <line num="49" count="18" type="stmt"/>
      <line num="51" count="18" type="stmt"/>
      <line num="54" count="216" type="stmt"/>
      <line num="55" count="216" type="stmt"/>
      <line num="59" count="18" type="stmt"/>
      <line num="60" count="216" type="stmt"/>
      <line num="61" count="216" type="stmt"/>
      <line num="62" count="216" type="cond" truecount="2" falsecount="0"/>
      <line num="65" count="216" type="stmt"/>
      <line num="66" count="1404" type="stmt"/>
      <line num="67" count="1404" type="cond" truecount="1" falsecount="1"/>
      <line num="69" count="1404" type="stmt"/>
      <line num="72" count="1404" type="stmt"/>
      <line num="73" count="1404" type="stmt"/>
      <line num="76" count="1404" type="stmt"/>
      <line num="77" count="1404" type="stmt"/>
      <line num="79" count="1404" type="stmt"/>
      <line num="80" count="1404" type="stmt"/>
      <line num="83" count="216" type="stmt"/>
      <line num="84" count="216" type="stmt"/>
      <line num="86" count="216" type="stmt"/>
      <line num="95" count="216" type="stmt"/>
      <line num="98" count="18" type="cond" truecount="1" falsecount="1"/>
      <line num="99" count="18" type="cond" truecount="1" falsecount="1"/>
      <line num="101" count="18" type="stmt"/>
      <line num="118" count="19" type="stmt"/>
      <line num="119" count="19" type="stmt"/>
      <line num="120" count="19" type="stmt"/>
      <line num="121" count="199" type="stmt"/>
      <line num="123" count="19" type="stmt"/>
      <line num="131" count="19" type="cond" truecount="2" falsecount="0"/>
      <line num="132" count="19" type="stmt"/>
      <line num="133" count="19" type="stmt"/>
      <line num="135" count="19" type="stmt"/>
      <line num="136" count="201" type="stmt"/>
      <line num="137" count="201" type="stmt"/>
      <line num="138" count="201" type="stmt"/>
      <line num="140" count="201" type="cond" truecount="4" falsecount="0"/>
      <line num="143" count="2" type="stmt"/>
      <line num="144" count="2" type="stmt"/>
      <line num="148" count="17" type="stmt"/>
      <line num="158" count="21" type="stmt"/>
      <line num="159" count="21" type="stmt"/>
      <line num="160" count="21" type="stmt"/>
      <line num="161" count="206" type="cond" truecount="2" falsecount="0"/>
      <line num="162" count="206" type="cond" truecount="2" falsecount="0"/>
      <line num="164" count="21" type="cond" truecount="4" falsecount="0"/>
      <line num="167" count="3" type="stmt"/>
      <line num="168" count="3" type="stmt"/>
      <line num="169" count="3" type="stmt"/>
      <line num="171" count="3" type="stmt"/>
      <line num="172" count="8" type="stmt"/>
      <line num="173" count="8" type="stmt"/>
      <line num="175" count="8" type="stmt"/>
      <line num="176" count="24" type="stmt"/>
      <line num="177" count="24" type="stmt"/>
      <line num="178" count="24" type="cond" truecount="2" falsecount="0"/>
      <line num="179" count="16" type="stmt"/>
      <line num="183" count="8" type="cond" truecount="2" falsecount="0"/>
      <line num="185" count="6" type="stmt"/>
      <line num="186" count="6" type="cond" truecount="2" falsecount="0"/>
      <line num="188" count="1" type="stmt"/>
      <line num="189" count="1" type="stmt"/>
      <line num="190" count="3" type="stmt"/>
      <line num="192" count="1" type="cond" truecount="1" falsecount="1"/>
      <line num="194" count="1" type="stmt"/>
      <line num="195" count="1" type="cond" truecount="3" falsecount="1"/>
      <line num="196" count="1" type="stmt"/>
      <line num="200" count="5" type="stmt"/>
      <line num="204" count="2" type="stmt"/>
      <line num="205" count="2" type="stmt"/>
      <line num="206" count="2" type="stmt"/>
      <line num="208" count="2" type="stmt"/>
      <line num="209" count="131" type="stmt"/>
      <line num="210" count="131" type="stmt"/>
      <line num="212" count="131" type="stmt"/>
      <line num="213" count="393" type="stmt"/>
      <line num="216" count="131" type="cond" truecount="2" falsecount="0"/>
      <line num="217" count="1" type="stmt"/>
      <line num="218" count="1" type="cond" truecount="3" falsecount="1"/>
      <line num="219" count="1" type="stmt"/>
      <line num="224" count="130" type="stmt"/>
      <line num="225" count="130" type="stmt"/>
      <line num="226" count="390" type="stmt"/>
      <line num="229" count="130" type="cond" truecount="2" falsecount="0"/>
      <line num="230" count="12" type="stmt"/>
      <line num="232" count="118" type="stmt"/>
      <line num="236" count="1" type="stmt"/>
      <line num="243" count="195" type="stmt"/>
      <line num="244" count="17" type="stmt"/>
      <line num="257" count="17" type="cond" truecount="1" falsecount="1"/>
      <line num="258" count="17" type="cond" truecount="1" falsecount="1"/>
      <line num="260" count="17" type="cond" truecount="2" falsecount="0"/>
      <line num="261" count="1" type="stmt"/>
      <line num="265" count="16" type="stmt"/>
      <line num="268" count="16" type="stmt"/>
      <line num="269" count="16" type="stmt"/>
      <line num="270" count="16" type="stmt"/>
      <line num="273" count="16" type="stmt"/>
      <line num="274" count="16" type="stmt"/>
      <line num="277" count="16" type="stmt"/>
      <line num="278" count="192" type="stmt"/>
      <line num="279" count="192" type="stmt"/>
      <line num="280" count="192" type="stmt"/>
      <line num="281" count="192" type="stmt"/>
      <line num="283" count="192" type="stmt"/>
      <line num="284" count="192" type="stmt"/>
      <line num="285" count="192" type="stmt"/>
      <line num="288" count="192" type="cond" truecount="1" falsecount="1"/>
      <line num="289" count="192" type="stmt"/>
      <line num="290" count="216" type="cond" truecount="1" falsecount="1"/>
      <line num="292" count="216" type="cond" truecount="2" falsecount="0"/>
      <line num="293" count="184" type="stmt"/>
      <line num="294" count="184" type="cond" truecount="4" falsecount="0"/>
      <line num="295" count="160" type="stmt"/>
      <line num="296" count="160" type="stmt"/>
      <line num="297" count="160" type="stmt"/>
      <line num="300" count="160" type="stmt"/>
      <line num="305" count="184" type="cond" truecount="1" falsecount="1"/>
      <line num="306" count="184" type="stmt"/>
      <line num="312" count="192" type="cond" truecount="1" falsecount="1"/>
      <line num="313" count="192" type="stmt"/>
      <line num="314" count="216" type="stmt"/>
      <line num="316" count="216" type="cond" truecount="4" falsecount="0"/>
      <line num="317" count="16" type="stmt"/>
      <line num="318" count="200" type="cond" truecount="2" falsecount="0"/>
      <line num="319" count="12" type="stmt"/>
      <line num="320" count="188" type="cond" truecount="4" falsecount="0"/>
      <line num="321" count="1" type="stmt"/>
      <line num="324" count="216" type="cond" truecount="2" falsecount="0"/>
      <line num="325" count="29" type="cond" truecount="2" falsecount="0"/>
      <line num="326" count="16" type="stmt"/>
      <line num="328" count="13" type="stmt"/>
      <line num="335" count="192" type="stmt"/>
      <line num="336" count="192" type="stmt"/>
      <line num="337" count="192" type="stmt"/>
      <line num="339" count="192" type="stmt"/>
      <line num="354" count="192" type="stmt"/>
      <line num="355" count="16" type="stmt"/>
      <line num="356" count="16" type="stmt"/>
      <line num="357" count="16" type="stmt"/>
      <line num="358" count="16" type="stmt"/>
      <line num="360" count="192" type="stmt"/>
      <line num="361" count="16" type="stmt"/>
      <line num="363" count="16" type="cond" truecount="1" falsecount="1"/>
      <line num="365" count="17" type="stmt"/>
      <line num="383" count="14" type="stmt"/>
      <line num="395" count="2" type="stmt"/>
      <line num="397" count="2" type="cond" truecount="2" falsecount="0"/>
      <line num="398" count="1" type="stmt"/>
      <line num="407" count="1" type="stmt"/>
      <line num="408" count="1" type="stmt"/>
      <line num="410" count="1" type="stmt"/>
      <line num="415" count="1" type="stmt"/>
      <line num="416" count="1" type="stmt"/>
      <line num="417" count="1" type="stmt"/>
      <line num="419" count="1" type="stmt"/>
      <line num="420" count="1" type="stmt"/>
      <line num="421" count="1" type="stmt"/>
      <line num="423" count="1" type="stmt"/>
      <line num="424" count="1" type="stmt"/>
      <line num="425" count="1" type="stmt"/>
      <line num="427" count="1" type="stmt"/>
      <line num="444" count="1" type="stmt"/>
      <line num="445" count="1" type="stmt"/>
      <line num="446" count="1" type="stmt"/>
      <line num="448" count="1" type="stmt"/>
      <line num="449" count="1" type="stmt"/>
      <line num="450" count="1" type="stmt"/>
      <line num="452" count="1" type="stmt"/>
      <line num="453" count="1" type="stmt"/>
      <line num="454" count="1" type="stmt"/>
      <line num="456" count="1" type="stmt"/>
      <line num="473" count="1" type="stmt"/>
      <line num="474" count="1" type="stmt"/>
      <line num="475" count="1" type="stmt"/>
      <line num="477" count="1" type="stmt"/>
      <line num="478" count="1" type="stmt"/>
      <line num="479" count="1" type="stmt"/>
      <line num="481" count="1" type="stmt"/>
      <line num="482" count="1" type="stmt"/>
      <line num="483" count="1" type="stmt"/>
      <line num="485" count="1" type="stmt"/>
      <line num="502" count="1" type="stmt"/>
      <line num="503" count="1" type="stmt"/>
      <line num="504" count="1" type="stmt"/>
      <line num="506" count="1" type="stmt"/>
      <line num="507" count="1" type="stmt"/>
      <line num="508" count="1" type="stmt"/>
      <line num="510" count="1" type="stmt"/>
      <line num="511" count="1" type="stmt"/>
      <line num="512" count="1" type="stmt"/>
      <line num="514" count="1" type="stmt"/>
      <line num="531" count="1" type="cond" truecount="1" falsecount="1"/>
      <line num="532" count="2" type="stmt"/>
      <line num="533" count="2" type="stmt"/>
      <line num="535" count="2" type="stmt"/>
      <line num="536" count="2" type="stmt"/>
      <line num="537" count="2" type="stmt"/>
      <line num="539" count="2" type="stmt"/>
      <line num="540" count="2" type="stmt"/>
      <line num="541" count="2" type="stmt"/>
      <line num="543" count="2" type="stmt"/>
      <line num="559" count="1" type="cond" truecount="3" falsecount="1"/>
      <line num="560" count="1" type="stmt"/>
      <line num="561" count="1" type="stmt"/>
      <line num="562" count="1" type="stmt"/>
      <line num="564" count="1" type="stmt"/>
      <line num="566" count="1" type="stmt"/>
      <line num="567" count="1" type="stmt"/>
      <line num="568" count="1" type="stmt"/>
      <line num="570" count="1" type="stmt"/>
      <line num="572" count="1" type="stmt"/>
      <line num="588" count="1" type="cond" truecount="3" falsecount="1"/>
      <line num="589" count="1" type="stmt"/>
      <line num="590" count="1" type="stmt"/>
      <line num="591" count="1" type="stmt"/>
      <line num="592" count="1" type="stmt"/>
      <line num="593" count="1" type="cond" truecount="1" falsecount="1"/>
      <line num="594" count="1" type="stmt"/>
      <line num="597" count="1" type="stmt"/>
      <line num="599" count="1" type="stmt"/>
      <line num="600" count="1" type="stmt"/>
      <line num="601" count="1" type="stmt"/>
      <line num="602" count="1" type="stmt"/>
      <line num="603" count="1" type="cond" truecount="1" falsecount="1"/>
      <line num="604" count="1" type="stmt"/>
      <line num="607" count="1" type="stmt"/>
      <line num="609" count="1" type="stmt"/>
      <line num="625" count="13" type="stmt"/>
      <line num="627" count="1" type="stmt"/>
    </file>
    <file name="types.ts" path="/Users/piotrlangowski/Documents/Sherpa/src/lib/shared/types.ts">
      <metrics statements="0" coveredstatements="0" conditionals="0" coveredconditionals="0" methods="0" coveredmethods="0"/>
    </file>
  </project>
</coverage>
