{"/Users/piotrlangowski/Documents/Sherpa/src/lib/shared/financial-math.ts": {"path":"/Users/piotrlangowski/Documents/Sherpa/src/lib/shared/financial-math.ts","statementMap":{"0":{"start":{"line":35,"column":43},"end":{"line":35,"column":null}},"1":{"start":{"line":36,"column":21},"end":{"line":36,"column":null}},"2":{"start":{"line":38,"column":23},"end":{"line":38,"column":null}},"3":{"start":{"line":39,"column":26},"end":{"line":39,"column":null}},"4":{"start":{"line":40,"column":21},"end":{"line":40,"column":null}},"5":{"start":{"line":41,"column":20},"end":{"line":41,"column":null}},"6":{"start":{"line":42,"column":25},"end":{"line":42,"column":null}},"7":{"start":{"line":43,"column":24},"end":{"line":43,"column":null}},"8":{"start":{"line":44,"column":25},"end":{"line":44,"column":null}},"9":{"start":{"line":45,"column":19},"end":{"line":45,"column":null}},"10":{"start":{"line":49,"column":32},"end":{"line":49,"column":null}},"11":{"start":{"line":51,"column":2},"end":{"line":56,"column":null}},"12":{"start":{"line":51,"column":15},"end":{"line":51,"column":18}},"13":{"start":{"line":54,"column":25},"end":{"line":54,"column":null}},"14":{"start":{"line":55,"column":4},"end":{"line":55,"column":null}},"15":{"start":{"line":59,"column":2},"end":{"line":96,"column":null}},"16":{"start":{"line":59,"column":15},"end":{"line":59,"column":18}},"17":{"start":{"line":60,"column":26},"end":{"line":60,"column":null}},"18":{"start":{"line":61,"column":14},"end":{"line":61,"column":null}},"19":{"start":{"line":62,"column":29},"end":{"line":62,"column":null}},"20":{"start":{"line":65,"column":4},"end":{"line":81,"column":null}},"21":{"start":{"line":65,"column":17},"end":{"line":65,"column":20}},"22":{"start":{"line":66,"column":25},"end":{"line":66,"column":null}},"23":{"start":{"line":67,"column":6},"end":{"line":67,"column":null}},"24":{"start":{"line":67,"column":27},"end":{"line":67,"column":null}},"25":{"start":{"line":69,"column":18},"end":{"line":69,"column":null}},"26":{"start":{"line":72,"column":32},"end":{"line":72,"column":null}},"27":{"start":{"line":73,"column":29},"end":{"line":73,"column":null}},"28":{"start":{"line":76,"column":19},"end":{"line":76,"column":null}},"29":{"start":{"line":77,"column":28},"end":{"line":77,"column":null}},"30":{"start":{"line":79,"column":6},"end":{"line":79,"column":null}},"31":{"start":{"line":80,"column":6},"end":{"line":80,"column":null}},"32":{"start":{"line":83,"column":26},"end":{"line":83,"column":null}},"33":{"start":{"line":84,"column":16},"end":{"line":84,"column":null}},"34":{"start":{"line":86,"column":4},"end":{"line":93,"column":null}},"35":{"start":{"line":95,"column":4},"end":{"line":95,"column":null}},"36":{"start":{"line":98,"column":26},"end":{"line":98,"column":null}},"37":{"start":{"line":99,"column":20},"end":{"line":99,"column":null}},"38":{"start":{"line":101,"column":2},"end":{"line":106,"column":null}},"39":{"start":{"line":118,"column":19},"end":{"line":118,"column":null}},"40":{"start":{"line":119,"column":12},"end":{"line":119,"column":null}},"41":{"start":{"line":120,"column":2},"end":{"line":122,"column":null}},"42":{"start":{"line":120,"column":15},"end":{"line":120,"column":18}},"43":{"start":{"line":121,"column":4},"end":{"line":121,"column":null}},"44":{"start":{"line":123,"column":2},"end":{"line":123,"column":null}},"45":{"start":{"line":131,"column":19},"end":{"line":131,"column":null}},"46":{"start":{"line":132,"column":19},"end":{"line":132,"column":null}},"47":{"start":{"line":133,"column":23},"end":{"line":133,"column":null}},"48":{"start":{"line":135,"column":2},"end":{"line":146,"column":null}},"49":{"start":{"line":135,"column":15},"end":{"line":135,"column":18}},"50":{"start":{"line":136,"column":25},"end":{"line":136,"column":null}},"51":{"start":{"line":137,"column":4},"end":{"line":137,"column":null}},"52":{"start":{"line":138,"column":4},"end":{"line":138,"column":null}},"53":{"start":{"line":140,"column":4},"end":{"line":145,"column":null}},"54":{"start":{"line":143,"column":23},"end":{"line":143,"column":null}},"55":{"start":{"line":144,"column":6},"end":{"line":144,"column":null}},"56":{"start":{"line":148,"column":2},"end":{"line":148,"column":null}},"57":{"start":{"line":158,"column":20},"end":{"line":158,"column":null}},"58":{"start":{"line":159,"column":20},"end":{"line":159,"column":null}},"59":{"start":{"line":160,"column":2},"end":{"line":163,"column":null}},"60":{"start":{"line":161,"column":4},"end":{"line":161,"column":null}},"61":{"start":{"line":161,"column":16},"end":{"line":161,"column":null}},"62":{"start":{"line":162,"column":4},"end":{"line":162,"column":null}},"63":{"start":{"line":162,"column":16},"end":{"line":162,"column":null}},"64":{"start":{"line":164,"column":2},"end":{"line":164,"column":null}},"65":{"start":{"line":164,"column":36},"end":{"line":164,"column":null}},"66":{"start":{"line":167,"column":10},"end":{"line":167,"column":null}},"67":{"start":{"line":168,"column":24},"end":{"line":168,"column":null}},"68":{"start":{"line":169,"column":20},"end":{"line":169,"column":null}},"69":{"start":{"line":171,"column":2},"end":{"line":201,"column":null}},"70":{"start":{"line":171,"column":15},"end":{"line":171,"column":18}},"71":{"start":{"line":172,"column":15},"end":{"line":172,"column":null}},"72":{"start":{"line":173,"column":17},"end":{"line":173,"column":null}},"73":{"start":{"line":175,"column":4},"end":{"line":181,"column":null}},"74":{"start":{"line":175,"column":17},"end":{"line":175,"column":20}},"75":{"start":{"line":176,"column":20},"end":{"line":176,"column":null}},"76":{"start":{"line":177,"column":6},"end":{"line":177,"column":null}},"77":{"start":{"line":178,"column":6},"end":{"line":180,"column":null}},"78":{"start":{"line":179,"column":8},"end":{"line":179,"column":null}},"79":{"start":{"line":183,"column":4},"end":{"line":183,"column":null}},"80":{"start":{"line":183,"column":34},"end":{"line":183,"column":null}},"81":{"start":{"line":185,"column":18},"end":{"line":185,"column":null}},"82":{"start":{"line":186,"column":4},"end":{"line":199,"column":null}},"83":{"start":{"line":188,"column":21},"end":{"line":188,"column":null}},"84":{"start":{"line":189,"column":6},"end":{"line":191,"column":null}},"85":{"start":{"line":189,"column":19},"end":{"line":189,"column":22}},"86":{"start":{"line":190,"column":8},"end":{"line":190,"column":null}},"87":{"start":{"line":192,"column":6},"end":{"line":198,"column":null}},"88":{"start":{"line":194,"column":30},"end":{"line":194,"column":null}},"89":{"start":{"line":195,"column":8},"end":{"line":197,"column":null}},"90":{"start":{"line":196,"column":10},"end":{"line":196,"column":null}},"91":{"start":{"line":200,"column":4},"end":{"line":200,"column":null}},"92":{"start":{"line":204,"column":12},"end":{"line":204,"column":null}},"93":{"start":{"line":205,"column":13},"end":{"line":205,"column":null}},"94":{"start":{"line":206,"column":12},"end":{"line":206,"column":null}},"95":{"start":{"line":208,"column":2},"end":{"line":234,"column":null}},"96":{"start":{"line":208,"column":15},"end":{"line":208,"column":18}},"97":{"start":{"line":209,"column":4},"end":{"line":209,"column":null}},"98":{"start":{"line":210,"column":15},"end":{"line":210,"column":null}},"99":{"start":{"line":212,"column":4},"end":{"line":214,"column":null}},"100":{"start":{"line":212,"column":17},"end":{"line":212,"column":20}},"101":{"start":{"line":213,"column":6},"end":{"line":213,"column":null}},"102":{"start":{"line":216,"column":4},"end":{"line":221,"column":null}},"103":{"start":{"line":217,"column":28},"end":{"line":217,"column":null}},"104":{"start":{"line":218,"column":6},"end":{"line":220,"column":null}},"105":{"start":{"line":219,"column":8},"end":{"line":219,"column":null}},"106":{"start":{"line":224,"column":15},"end":{"line":224,"column":null}},"107":{"start":{"line":225,"column":4},"end":{"line":227,"column":null}},"108":{"start":{"line":225,"column":17},"end":{"line":225,"column":20}},"109":{"start":{"line":226,"column":6},"end":{"line":226,"column":null}},"110":{"start":{"line":229,"column":4},"end":{"line":233,"column":null}},"111":{"start":{"line":230,"column":6},"end":{"line":230,"column":null}},"112":{"start":{"line":232,"column":6},"end":{"line":232,"column":null}},"113":{"start":{"line":236,"column":2},"end":{"line":236,"column":null}},"114":{"start":{"line":243,"column":16},"end":{"line":243,"column":null}},"115":{"start":{"line":243,"column":47},"end":{"line":243,"column":70}},"116":{"start":{"line":244,"column":2},"end":{"line":244,"column":null}},"117":{"start":{"line":257,"column":27},"end":{"line":257,"column":null}},"118":{"start":{"line":258,"column":29},"end":{"line":258,"column":null}},"119":{"start":{"line":260,"column":2},"end":{"line":262,"column":null}},"120":{"start":{"line":261,"column":4},"end":{"line":261,"column":null}},"121":{"start":{"line":265,"column":23},"end":{"line":265,"column":null}},"122":{"start":{"line":268,"column":23},"end":{"line":268,"column":null}},"123":{"start":{"line":269,"column":2},"end":{"line":271,"column":null}},"124":{"start":{"line":270,"column":4},"end":{"line":270,"column":null}},"125":{"start":{"line":273,"column":39},"end":{"line":273,"column":null}},"126":{"start":{"line":274,"column":27},"end":{"line":274,"column":null}},"127":{"start":{"line":277,"column":2},"end":{"line":351,"column":null}},"128":{"start":{"line":277,"column":15},"end":{"line":277,"column":18}},"129":{"start":{"line":278,"column":24},"end":{"line":278,"column":null}},"130":{"start":{"line":279,"column":28},"end":{"line":279,"column":null}},"131":{"start":{"line":280,"column":26},"end":{"line":280,"column":null}},"132":{"start":{"line":281,"column":20},"end":{"line":281,"column":null}},"133":{"start":{"line":283,"column":15},"end":{"line":283,"column":null}},"134":{"start":{"line":284,"column":16},"end":{"line":284,"column":null}},"135":{"start":{"line":285,"column":21},"end":{"line":285,"column":null}},"136":{"start":{"line":288,"column":4},"end":{"line":309,"column":null}},"137":{"start":{"line":289,"column":6},"end":{"line":308,"column":null}},"138":{"start":{"line":290,"column":29},"end":{"line":290,"column":null}},"139":{"start":{"line":292,"column":8},"end":{"line":307,"column":null}},"140":{"start":{"line":293,"column":33},"end":{"line":293,"column":null}},"141":{"start":{"line":294,"column":10},"end":{"line":303,"column":null}},"142":{"start":{"line":295,"column":29},"end":{"line":295,"column":null}},"143":{"start":{"line":296,"column":31},"end":{"line":296,"column":null}},"144":{"start":{"line":297,"column":32},"end":{"line":297,"column":null}},"145":{"start":{"line":300,"column":12},"end":{"line":302,"column":null}},"146":{"start":{"line":305,"column":35},"end":{"line":305,"column":null}},"147":{"start":{"line":306,"column":10},"end":{"line":306,"column":null}},"148":{"start":{"line":312,"column":4},"end":{"line":332,"column":null}},"149":{"start":{"line":313,"column":6},"end":{"line":331,"column":null}},"150":{"start":{"line":314,"column":27},"end":{"line":314,"column":null}},"151":{"start":{"line":316,"column":8},"end":{"line":322,"column":null}},"152":{"start":{"line":317,"column":10},"end":{"line":317,"column":null}},"153":{"start":{"line":318,"column":15},"end":{"line":322,"column":null}},"154":{"start":{"line":319,"column":10},"end":{"line":319,"column":null}},"155":{"start":{"line":320,"column":15},"end":{"line":322,"column":null}},"156":{"start":{"line":321,"column":10},"end":{"line":321,"column":null}},"157":{"start":{"line":324,"column":8},"end":{"line":330,"column":null}},"158":{"start":{"line":325,"column":10},"end":{"line":329,"column":null}},"159":{"start":{"line":326,"column":12},"end":{"line":326,"column":null}},"160":{"start":{"line":328,"column":12},"end":{"line":328,"column":null}},"161":{"start":{"line":335,"column":23},"end":{"line":335,"column":null}},"162":{"start":{"line":336,"column":24},"end":{"line":336,"column":null}},"163":{"start":{"line":337,"column":4},"end":{"line":337,"column":null}},"164":{"start":{"line":339,"column":4},"end":{"line":350,"column":null}},"165":{"start":{"line":354,"column":20},"end":{"line":354,"column":null}},"166":{"start":{"line":354,"column":38},"end":{"line":354,"column":51}},"167":{"start":{"line":355,"column":24},"end":{"line":355,"column":null}},"168":{"start":{"line":356,"column":14},"end":{"line":356,"column":null}},"169":{"start":{"line":357,"column":20},"end":{"line":357,"column":null}},"170":{"start":{"line":358,"column":14},"end":{"line":358,"column":null}},"171":{"start":{"line":360,"column":23},"end":{"line":360,"column":null}},"172":{"start":{"line":360,"column":54},"end":{"line":360,"column":74}},"173":{"start":{"line":361,"column":20},"end":{"line":361,"column":null}},"174":{"start":{"line":363,"column":21},"end":{"line":363,"column":null}},"175":{"start":{"line":365,"column":2},"end":{"line":372,"column":null}},"176":{"start":{"line":383,"column":2},"end":{"line":383,"column":null}},"177":{"start":{"line":395,"column":17},"end":{"line":395,"column":null}},"178":{"start":{"line":397,"column":2},"end":{"line":405,"column":null}},"179":{"start":{"line":398,"column":4},"end":{"line":404,"column":null}},"180":{"start":{"line":407,"column":21},"end":{"line":407,"column":null}},"181":{"start":{"line":408,"column":18},"end":{"line":408,"column":null}},"182":{"start":{"line":410,"column":44},"end":{"line":410,"column":null}},"183":{"start":{"line":415,"column":20},"end":{"line":415,"column":null}},"184":{"start":{"line":416,"column":19},"end":{"line":416,"column":null}},"185":{"start":{"line":417,"column":20},"end":{"line":417,"column":null}},"186":{"start":{"line":419,"column":21},"end":{"line":419,"column":null}},"187":{"start":{"line":420,"column":4},"end":{"line":420,"column":null}},"188":{"start":{"line":421,"column":19},"end":{"line":421,"column":null}},"189":{"start":{"line":423,"column":22},"end":{"line":423,"column":null}},"190":{"start":{"line":424,"column":4},"end":{"line":424,"column":null}},"191":{"start":{"line":425,"column":20},"end":{"line":425,"column":null}},"192":{"start":{"line":427,"column":4},"end":{"line":439,"column":null}},"193":{"start":{"line":444,"column":20},"end":{"line":444,"column":null}},"194":{"start":{"line":445,"column":19},"end":{"line":445,"column":null}},"195":{"start":{"line":446,"column":20},"end":{"line":446,"column":null}},"196":{"start":{"line":448,"column":21},"end":{"line":448,"column":null}},"197":{"start":{"line":449,"column":4},"end":{"line":449,"column":null}},"198":{"start":{"line":450,"column":19},"end":{"line":450,"column":null}},"199":{"start":{"line":452,"column":22},"end":{"line":452,"column":null}},"200":{"start":{"line":453,"column":4},"end":{"line":453,"column":null}},"201":{"start":{"line":454,"column":20},"end":{"line":454,"column":null}},"202":{"start":{"line":456,"column":4},"end":{"line":468,"column":null}},"203":{"start":{"line":473,"column":20},"end":{"line":473,"column":null}},"204":{"start":{"line":474,"column":19},"end":{"line":474,"column":null}},"205":{"start":{"line":475,"column":20},"end":{"line":475,"column":null}},"206":{"start":{"line":477,"column":21},"end":{"line":477,"column":null}},"207":{"start":{"line":478,"column":4},"end":{"line":478,"column":null}},"208":{"start":{"line":479,"column":19},"end":{"line":479,"column":null}},"209":{"start":{"line":481,"column":22},"end":{"line":481,"column":null}},"210":{"start":{"line":482,"column":4},"end":{"line":482,"column":null}},"211":{"start":{"line":483,"column":20},"end":{"line":483,"column":null}},"212":{"start":{"line":485,"column":4},"end":{"line":497,"column":null}},"213":{"start":{"line":502,"column":20},"end":{"line":502,"column":null}},"214":{"start":{"line":503,"column":19},"end":{"line":503,"column":null}},"215":{"start":{"line":504,"column":20},"end":{"line":504,"column":null}},"216":{"start":{"line":506,"column":21},"end":{"line":506,"column":null}},"217":{"start":{"line":507,"column":4},"end":{"line":507,"column":null}},"218":{"start":{"line":508,"column":19},"end":{"line":508,"column":null}},"219":{"start":{"line":510,"column":22},"end":{"line":510,"column":null}},"220":{"start":{"line":511,"column":4},"end":{"line":511,"column":null}},"221":{"start":{"line":512,"column":20},"end":{"line":512,"column":null}},"222":{"start":{"line":514,"column":4},"end":{"line":526,"column":null}},"223":{"start":{"line":531,"column":20},"end":{"line":531,"column":null}},"224":{"start":{"line":532,"column":19},"end":{"line":532,"column":null}},"225":{"start":{"line":533,"column":20},"end":{"line":533,"column":null}},"226":{"start":{"line":535,"column":21},"end":{"line":535,"column":null}},"227":{"start":{"line":536,"column":4},"end":{"line":536,"column":null}},"228":{"start":{"line":537,"column":19},"end":{"line":537,"column":null}},"229":{"start":{"line":539,"column":22},"end":{"line":539,"column":null}},"230":{"start":{"line":540,"column":4},"end":{"line":540,"column":null}},"231":{"start":{"line":541,"column":20},"end":{"line":541,"column":null}},"232":{"start":{"line":543,"column":4},"end":{"line":555,"column":null}},"233":{"start":{"line":559,"column":2},"end":{"line":585,"column":null}},"234":{"start":{"line":560,"column":21},"end":{"line":560,"column":null}},"235":{"start":{"line":561,"column":4},"end":{"line":563,"column":null}},"236":{"start":{"line":562,"column":6},"end":{"line":562,"column":null}},"237":{"start":{"line":564,"column":19},"end":{"line":564,"column":null}},"238":{"start":{"line":566,"column":22},"end":{"line":566,"column":null}},"239":{"start":{"line":567,"column":4},"end":{"line":569,"column":null}},"240":{"start":{"line":568,"column":6},"end":{"line":568,"column":null}},"241":{"start":{"line":570,"column":20},"end":{"line":570,"column":null}},"242":{"start":{"line":572,"column":4},"end":{"line":584,"column":null}},"243":{"start":{"line":588,"column":2},"end":{"line":622,"column":null}},"244":{"start":{"line":589,"column":21},"end":{"line":589,"column":null}},"245":{"start":{"line":590,"column":4},"end":{"line":596,"column":null}},"246":{"start":{"line":591,"column":6},"end":{"line":591,"column":null}},"247":{"start":{"line":592,"column":6},"end":{"line":592,"column":null}},"248":{"start":{"line":593,"column":6},"end":{"line":595,"column":null}},"249":{"start":{"line":594,"column":8},"end":{"line":594,"column":null}},"250":{"start":{"line":597,"column":19},"end":{"line":597,"column":null}},"251":{"start":{"line":599,"column":22},"end":{"line":599,"column":null}},"252":{"start":{"line":600,"column":4},"end":{"line":606,"column":null}},"253":{"start":{"line":601,"column":6},"end":{"line":601,"column":null}},"254":{"start":{"line":602,"column":6},"end":{"line":602,"column":null}},"255":{"start":{"line":603,"column":6},"end":{"line":605,"column":null}},"256":{"start":{"line":604,"column":8},"end":{"line":604,"column":null}},"257":{"start":{"line":607,"column":20},"end":{"line":607,"column":null}},"258":{"start":{"line":609,"column":4},"end":{"line":621,"column":null}},"259":{"start":{"line":625,"column":2},"end":{"line":625,"column":null}},"260":{"start":{"line":625,"column":25},"end":{"line":625,"column":54}},"261":{"start":{"line":627,"column":2},"end":{"line":633,"column":null}}},"fnMap":{"0":{"name":"buildCohortModel","decl":{"start":{"line":31,"column":16},"end":{"line":31,"column":null}},"loc":{"start":{"line":34,"column":21},"end":{"line":107,"column":null}},"line":34},"1":{"name":"calculateNPV","decl":{"start":{"line":117,"column":16},"end":{"line":117,"column":29}},"loc":{"start":{"line":117,"column":86},"end":{"line":124,"column":null}},"line":117},"2":{"name":"calculatePaybackPeriod","decl":{"start":{"line":130,"column":16},"end":{"line":130,"column":39}},"loc":{"start":{"line":130,"column":107},"end":{"line":149,"column":null}},"line":130},"3":{"name":"calculateIRR","decl":{"start":{"line":156,"column":16},"end":{"line":156,"column":29}},"loc":{"start":{"line":156,"column":65},"end":{"line":237,"column":null}},"line":156},"4":{"name":"calculateTCO","decl":{"start":{"line":242,"column":16},"end":{"line":242,"column":29}},"loc":{"start":{"line":242,"column":67},"end":{"line":245,"column":null}},"line":242},"5":{"name":"(anonymous_5)","decl":{"start":{"line":243,"column":25},"end":{"line":243,"column":33}},"loc":{"start":{"line":243,"column":47},"end":{"line":243,"column":70}},"line":243},"6":{"name":"calculateScenario","decl":{"start":{"line":256,"column":16},"end":{"line":256,"column":34}},"loc":{"start":{"line":256,"column":99},"end":{"line":373,"column":null}},"line":256},"7":{"name":"(anonymous_7)","decl":{"start":{"line":354,"column":29},"end":{"line":354,"column":33}},"loc":{"start":{"line":354,"column":38},"end":{"line":354,"column":51}},"line":354},"8":{"name":"(anonymous_8)","decl":{"start":{"line":360,"column":32},"end":{"line":360,"column":40}},"loc":{"start":{"line":360,"column":54},"end":{"line":360,"column":74}},"line":360},"9":{"name":"cloneScenario","decl":{"start":{"line":382,"column":9},"end":{"line":382,"column":23}},"loc":{"start":{"line":382,"column":53},"end":{"line":384,"column":null}},"line":382},"10":{"name":"runSensitivityAnalysis","decl":{"start":{"line":390,"column":16},"end":{"line":390,"column":null}},"loc":{"start":{"line":394,"column":29},"end":{"line":634,"column":null}},"line":394},"11":{"name":"(anonymous_11)","decl":{"start":{"line":625,"column":10},"end":{"line":625,"column":16}},"loc":{"start":{"line":625,"column":25},"end":{"line":625,"column":54}},"line":625}},"branchMap":{"0":{"loc":{"start":{"line":38,"column":23},"end":{"line":38,"column":null}},"type":"binary-expr","locations":[{"start":{"line":38,"column":23},"end":{"line":38,"column":47}},{"start":{"line":38,"column":47},"end":{"line":38,"column":null}}],"line":38},"1":{"loc":{"start":{"line":39,"column":26},"end":{"line":39,"column":null}},"type":"binary-expr","locations":[{"start":{"line":39,"column":26},"end":{"line":39,"column":56}},{"start":{"line":39,"column":56},"end":{"line":39,"column":null}}],"line":39},"2":{"loc":{"start":{"line":40,"column":21},"end":{"line":40,"column":null}},"type":"binary-expr","locations":[{"start":{"line":40,"column":21},"end":{"line":40,"column":55}},{"start":{"line":40,"column":55},"end":{"line":40,"column":null}}],"line":40},"3":{"loc":{"start":{"line":41,"column":20},"end":{"line":41,"column":null}},"type":"binary-expr","locations":[{"start":{"line":41,"column":20},"end":{"line":41,"column":49}},{"start":{"line":41,"column":49},"end":{"line":41,"column":null}}],"line":41},"4":{"loc":{"start":{"line":42,"column":25},"end":{"line":42,"column":null}},"type":"binary-expr","locations":[{"start":{"line":42,"column":25},"end":{"line":42,"column":51}},{"start":{"line":42,"column":51},"end":{"line":42,"column":null}}],"line":42},"5":{"loc":{"start":{"line":43,"column":24},"end":{"line":43,"column":null}},"type":"binary-expr","locations":[{"start":{"line":43,"column":24},"end":{"line":43,"column":57}},{"start":{"line":43,"column":57},"end":{"line":43,"column":null}}],"line":43},"6":{"loc":{"start":{"line":44,"column":25},"end":{"line":44,"column":null}},"type":"binary-expr","locations":[{"start":{"line":44,"column":25},"end":{"line":44,"column":52}},{"start":{"line":44,"column":52},"end":{"line":44,"column":null}}],"line":44},"7":{"loc":{"start":{"line":45,"column":19},"end":{"line":45,"column":null}},"type":"binary-expr","locations":[{"start":{"line":45,"column":19},"end":{"line":45,"column":39}},{"start":{"line":45,"column":39},"end":{"line":45,"column":null}}],"line":45},"8":{"loc":{"start":{"line":62,"column":29},"end":{"line":62,"column":null}},"type":"cond-expr","locations":[{"start":{"line":62,"column":39},"end":{"line":62,"column":43}},{"start":{"line":62,"column":43},"end":{"line":62,"column":null}}],"line":62},"9":{"loc":{"start":{"line":67,"column":6},"end":{"line":67,"column":null}},"type":"if","locations":[{"start":{"line":67,"column":6},"end":{"line":67,"column":null}},{"start":{},"end":{}}],"line":67},"10":{"loc":{"start":{"line":98,"column":26},"end":{"line":98,"column":null}},"type":"cond-expr","locations":[{"start":{"line":98,"column":48},"end":{"line":98,"column":96}},{"start":{"line":98,"column":96},"end":{"line":98,"column":null}}],"line":98},"11":{"loc":{"start":{"line":99,"column":20},"end":{"line":99,"column":null}},"type":"cond-expr","locations":[{"start":{"line":99,"column":42},"end":{"line":99,"column":78}},{"start":{"line":99,"column":78},"end":{"line":99,"column":null}}],"line":99},"12":{"loc":{"start":{"line":130,"column":60},"end":{"line":130,"column":107}},"type":"default-arg","locations":[{"start":{"line":130,"column":89},"end":{"line":130,"column":107}}],"line":130},"13":{"loc":{"start":{"line":131,"column":19},"end":{"line":131,"column":null}},"type":"cond-expr","locations":[{"start":{"line":131,"column":44},"end":{"line":131,"column":91}},{"start":{"line":131,"column":91},"end":{"line":131,"column":null}}],"line":131},"14":{"loc":{"start":{"line":140,"column":4},"end":{"line":145,"column":null}},"type":"if","locations":[{"start":{"line":140,"column":4},"end":{"line":145,"column":null}},{"start":{},"end":{}}],"line":140},"15":{"loc":{"start":{"line":140,"column":8},"end":{"line":140,"column":47}},"type":"binary-expr","locations":[{"start":{"line":140,"column":8},"end":{"line":140,"column":27}},{"start":{"line":140,"column":27},"end":{"line":140,"column":47}}],"line":140},"16":{"loc":{"start":{"line":161,"column":4},"end":{"line":161,"column":null}},"type":"if","locations":[{"start":{"line":161,"column":4},"end":{"line":161,"column":null}},{"start":{},"end":{}}],"line":161},"17":{"loc":{"start":{"line":162,"column":4},"end":{"line":162,"column":null}},"type":"if","locations":[{"start":{"line":162,"column":4},"end":{"line":162,"column":null}},{"start":{},"end":{}}],"line":162},"18":{"loc":{"start":{"line":164,"column":2},"end":{"line":164,"column":null}},"type":"if","locations":[{"start":{"line":164,"column":2},"end":{"line":164,"column":null}},{"start":{},"end":{}}],"line":164},"19":{"loc":{"start":{"line":164,"column":6},"end":{"line":164,"column":36}},"type":"binary-expr","locations":[{"start":{"line":164,"column":6},"end":{"line":164,"column":22}},{"start":{"line":164,"column":22},"end":{"line":164,"column":36}}],"line":164},"20":{"loc":{"start":{"line":178,"column":6},"end":{"line":180,"column":null}},"type":"if","locations":[{"start":{"line":178,"column":6},"end":{"line":180,"column":null}},{"start":{},"end":{}}],"line":178},"21":{"loc":{"start":{"line":183,"column":4},"end":{"line":183,"column":null}},"type":"if","locations":[{"start":{"line":183,"column":4},"end":{"line":183,"column":null}},{"start":{},"end":{}}],"line":183},"22":{"loc":{"start":{"line":186,"column":4},"end":{"line":199,"column":null}},"type":"if","locations":[{"start":{"line":186,"column":4},"end":{"line":199,"column":null}},{"start":{},"end":{}}],"line":186},"23":{"loc":{"start":{"line":192,"column":6},"end":{"line":198,"column":null}},"type":"if","locations":[{"start":{"line":192,"column":6},"end":{"line":198,"column":null}},{"start":{},"end":{}}],"line":192},"24":{"loc":{"start":{"line":195,"column":8},"end":{"line":197,"column":null}},"type":"if","locations":[{"start":{"line":195,"column":8},"end":{"line":197,"column":null}},{"start":{},"end":{}}],"line":195},"25":{"loc":{"start":{"line":195,"column":12},"end":{"line":195,"column":62}},"type":"binary-expr","locations":[{"start":{"line":195,"column":12},"end":{"line":195,"column":37}},{"start":{"line":195,"column":37},"end":{"line":195,"column":62}}],"line":195},"26":{"loc":{"start":{"line":216,"column":4},"end":{"line":221,"column":null}},"type":"if","locations":[{"start":{"line":216,"column":4},"end":{"line":221,"column":null}},{"start":{},"end":{}}],"line":216},"27":{"loc":{"start":{"line":218,"column":6},"end":{"line":220,"column":null}},"type":"if","locations":[{"start":{"line":218,"column":6},"end":{"line":220,"column":null}},{"start":{},"end":{}}],"line":218},"28":{"loc":{"start":{"line":218,"column":10},"end":{"line":218,"column":60}},"type":"binary-expr","locations":[{"start":{"line":218,"column":10},"end":{"line":218,"column":35}},{"start":{"line":218,"column":35},"end":{"line":218,"column":60}}],"line":218},"29":{"loc":{"start":{"line":229,"column":4},"end":{"line":233,"column":null}},"type":"if","locations":[{"start":{"line":229,"column":4},"end":{"line":233,"column":null}},{"start":{"line":231,"column":11},"end":{"line":233,"column":null}}],"line":229},"30":{"loc":{"start":{"line":257,"column":27},"end":{"line":257,"column":null}},"type":"binary-expr","locations":[{"start":{"line":257,"column":27},"end":{"line":257,"column":57}},{"start":{"line":257,"column":57},"end":{"line":257,"column":null}}],"line":257},"31":{"loc":{"start":{"line":258,"column":29},"end":{"line":258,"column":null}},"type":"binary-expr","locations":[{"start":{"line":258,"column":29},"end":{"line":258,"column":55}},{"start":{"line":258,"column":55},"end":{"line":258,"column":null}}],"line":258},"32":{"loc":{"start":{"line":260,"column":2},"end":{"line":262,"column":null}},"type":"if","locations":[{"start":{"line":260,"column":2},"end":{"line":262,"column":null}},{"start":{},"end":{}}],"line":260},"33":{"loc":{"start":{"line":288,"column":4},"end":{"line":309,"column":null}},"type":"if","locations":[{"start":{"line":288,"column":4},"end":{"line":309,"column":null}},{"start":{},"end":{}}],"line":288},"34":{"loc":{"start":{"line":290,"column":29},"end":{"line":290,"column":null}},"type":"binary-expr","locations":[{"start":{"line":290,"column":29},"end":{"line":290,"column":54}},{"start":{"line":290,"column":54},"end":{"line":290,"column":null}}],"line":290},"35":{"loc":{"start":{"line":292,"column":8},"end":{"line":307,"column":null}},"type":"if","locations":[{"start":{"line":292,"column":8},"end":{"line":307,"column":null}},{"start":{},"end":{}}],"line":292},"36":{"loc":{"start":{"line":294,"column":10},"end":{"line":303,"column":null}},"type":"if","locations":[{"start":{"line":294,"column":10},"end":{"line":303,"column":null}},{"start":{},"end":{}}],"line":294},"37":{"loc":{"start":{"line":294,"column":14},"end":{"line":294,"column":76}},"type":"binary-expr","locations":[{"start":{"line":294,"column":14},"end":{"line":294,"column":37}},{"start":{"line":294,"column":37},"end":{"line":294,"column":76}}],"line":294},"38":{"loc":{"start":{"line":301,"column":15},"end":{"line":301,"column":null}},"type":"binary-expr","locations":[{"start":{"line":301,"column":15},"end":{"line":301,"column":54}},{"start":{"line":301,"column":54},"end":{"line":301,"column":null}}],"line":301},"39":{"loc":{"start":{"line":302,"column":16},"end":{"line":302,"column":49}},"type":"binary-expr","locations":[{"start":{"line":302,"column":16},"end":{"line":302,"column":44}},{"start":{"line":302,"column":44},"end":{"line":302,"column":49}}],"line":302},"40":{"loc":{"start":{"line":302,"column":63},"end":{"line":302,"column":97}},"type":"binary-expr","locations":[{"start":{"line":302,"column":63},"end":{"line":302,"column":92}},{"start":{"line":302,"column":92},"end":{"line":302,"column":97}}],"line":302},"41":{"loc":{"start":{"line":305,"column":35},"end":{"line":305,"column":null}},"type":"binary-expr","locations":[{"start":{"line":305,"column":35},"end":{"line":305,"column":67}},{"start":{"line":305,"column":67},"end":{"line":305,"column":null}}],"line":305},"42":{"loc":{"start":{"line":312,"column":4},"end":{"line":332,"column":null}},"type":"if","locations":[{"start":{"line":312,"column":4},"end":{"line":332,"column":null}},{"start":{},"end":{}}],"line":312},"43":{"loc":{"start":{"line":316,"column":8},"end":{"line":322,"column":null}},"type":"if","locations":[{"start":{"line":316,"column":8},"end":{"line":322,"column":null}},{"start":{"line":318,"column":15},"end":{"line":322,"column":null}}],"line":316},"44":{"loc":{"start":{"line":316,"column":12},"end":{"line":316,"column":54}},"type":"binary-expr","locations":[{"start":{"line":316,"column":12},"end":{"line":316,"column":45}},{"start":{"line":316,"column":45},"end":{"line":316,"column":54}}],"line":316},"45":{"loc":{"start":{"line":318,"column":15},"end":{"line":322,"column":null}},"type":"if","locations":[{"start":{"line":318,"column":15},"end":{"line":322,"column":null}},{"start":{"line":320,"column":15},"end":{"line":322,"column":null}}],"line":318},"46":{"loc":{"start":{"line":320,"column":15},"end":{"line":322,"column":null}},"type":"if","locations":[{"start":{"line":320,"column":15},"end":{"line":322,"column":null}},{"start":{},"end":{}}],"line":320},"47":{"loc":{"start":{"line":320,"column":19},"end":{"line":320,"column":64}},"type":"binary-expr","locations":[{"start":{"line":320,"column":19},"end":{"line":320,"column":50}},{"start":{"line":320,"column":50},"end":{"line":320,"column":64}}],"line":320},"48":{"loc":{"start":{"line":324,"column":8},"end":{"line":330,"column":null}},"type":"if","locations":[{"start":{"line":324,"column":8},"end":{"line":330,"column":null}},{"start":{},"end":{}}],"line":324},"49":{"loc":{"start":{"line":325,"column":10},"end":{"line":329,"column":null}},"type":"if","locations":[{"start":{"line":325,"column":10},"end":{"line":329,"column":null}},{"start":{"line":327,"column":17},"end":{"line":329,"column":null}}],"line":325},"50":{"loc":{"start":{"line":363,"column":21},"end":{"line":363,"column":null}},"type":"cond-expr","locations":[{"start":{"line":363,"column":37},"end":{"line":363,"column":103}},{"start":{"line":363,"column":103},"end":{"line":363,"column":null}}],"line":363},"51":{"loc":{"start":{"line":393,"column":2},"end":{"line":393,"column":null}},"type":"default-arg","locations":[{"start":{"line":393,"column":29},"end":{"line":393,"column":null}}],"line":393},"52":{"loc":{"start":{"line":397,"column":2},"end":{"line":405,"column":null}},"type":"if","locations":[{"start":{"line":397,"column":2},"end":{"line":405,"column":null}},{"start":{},"end":{}}],"line":397},"53":{"loc":{"start":{"line":531,"column":20},"end":{"line":531,"column":null}},"type":"binary-expr","locations":[{"start":{"line":531,"column":20},"end":{"line":531,"column":46}},{"start":{"line":531,"column":46},"end":{"line":531,"column":null}}],"line":531},"54":{"loc":{"start":{"line":559,"column":2},"end":{"line":585,"column":null}},"type":"if","locations":[{"start":{"line":559,"column":2},"end":{"line":585,"column":null}},{"start":{},"end":{}}],"line":559},"55":{"loc":{"start":{"line":559,"column":6},"end":{"line":559,"column":51}},"type":"binary-expr","locations":[{"start":{"line":559,"column":6},"end":{"line":559,"column":24}},{"start":{"line":559,"column":24},"end":{"line":559,"column":51}}],"line":559},"56":{"loc":{"start":{"line":588,"column":2},"end":{"line":622,"column":null}},"type":"if","locations":[{"start":{"line":588,"column":2},"end":{"line":622,"column":null}},{"start":{},"end":{}}],"line":588},"57":{"loc":{"start":{"line":588,"column":6},"end":{"line":588,"column":57}},"type":"binary-expr","locations":[{"start":{"line":588,"column":6},"end":{"line":588,"column":27}},{"start":{"line":588,"column":27},"end":{"line":588,"column":57}}],"line":588},"58":{"loc":{"start":{"line":593,"column":6},"end":{"line":595,"column":null}},"type":"if","locations":[{"start":{"line":593,"column":6},"end":{"line":595,"column":null}},{"start":{},"end":{}}],"line":593},"59":{"loc":{"start":{"line":603,"column":6},"end":{"line":605,"column":null}},"type":"if","locations":[{"start":{"line":603,"column":6},"end":{"line":605,"column":null}},{"start":{},"end":{}}],"line":603}},"s":{"0":18,"1":18,"2":18,"3":18,"4":18,"5":18,"6":18,"7":18,"8":18,"9":18,"10":18,"11":18,"12":18,"13":216,"14":216,"15":18,"16":18,"17":216,"18":216,"19":216,"20":216,"21":216,"22":1404,"23":1404,"24":0,"25":1404,"26":1404,"27":1404,"28":1404,"29":1404,"30":1404,"31":1404,"32":216,"33":216,"34":216,"35":216,"36":18,"37":18,"38":18,"39":19,"40":19,"41":19,"42":19,"43":199,"44":19,"45":19,"46":19,"47":19,"48":19,"49":19,"50":201,"51":201,"52":201,"53":201,"54":2,"55":2,"56":17,"57":21,"58":21,"59":21,"60":206,"61":200,"62":206,"63":6,"64":21,"65":18,"66":3,"67":3,"68":3,"69":3,"70":3,"71":8,"72":8,"73":8,"74":8,"75":24,"76":24,"77":24,"78":16,"79":8,"80":2,"81":6,"82":6,"83":1,"84":1,"85":1,"86":3,"87":1,"88":1,"89":1,"90":1,"91":5,"92":2,"93":2,"94":2,"95":2,"96":2,"97":131,"98":131,"99":131,"100":131,"101":393,"102":131,"103":1,"104":1,"105":1,"106":130,"107":130,"108":130,"109":390,"110":130,"111":12,"112":118,"113":1,"114":17,"115":195,"116":17,"117":17,"118":17,"119":17,"120":1,"121":16,"122":16,"123":16,"124":16,"125":16,"126":16,"127":16,"128":16,"129":192,"130":192,"131":192,"132":192,"133":192,"134":192,"135":192,"136":192,"137":192,"138":216,"139":216,"140":184,"141":184,"142":160,"143":160,"144":160,"145":160,"146":184,"147":184,"148":192,"149":192,"150":216,"151":216,"152":16,"153":200,"154":12,"155":188,"156":1,"157":216,"158":29,"159":16,"160":13,"161":192,"162":192,"163":192,"164":192,"165":16,"166":192,"167":16,"168":16,"169":16,"170":16,"171":16,"172":192,"173":16,"174":16,"175":17,"176":14,"177":2,"178":2,"179":1,"180":1,"181":1,"182":1,"183":1,"184":1,"185":1,"186":1,"187":1,"188":1,"189":1,"190":1,"191":1,"192":1,"193":1,"194":1,"195":1,"196":1,"197":1,"198":1,"199":1,"200":1,"201":1,"202":1,"203":1,"204":1,"205":1,"206":1,"207":1,"208":1,"209":1,"210":1,"211":1,"212":1,"213":1,"214":1,"215":1,"216":1,"217":1,"218":1,"219":1,"220":1,"221":1,"222":1,"223":1,"224":2,"225":2,"226":2,"227":2,"228":2,"229":2,"230":2,"231":2,"232":2,"233":1,"234":1,"235":1,"236":1,"237":1,"238":1,"239":1,"240":1,"241":1,"242":1,"243":1,"244":1,"245":1,"246":1,"247":1,"248":1,"249":1,"250":1,"251":1,"252":1,"253":1,"254":1,"255":1,"256":1,"257":1,"258":1,"259":1,"260":13,"261":1},"f":{"0":18,"1":19,"2":19,"3":21,"4":17,"5":195,"6":17,"7":192,"8":192,"9":14,"10":2,"11":13},"b":{"0":[18,0],"1":[18,0],"2":[18,0],"3":[18,0],"4":[18,0],"5":[18,0],"6":[18,0],"7":[18,0],"8":[18,198],"9":[0,1404],"10":[18,0],"11":[18,0],"12":[19],"13":[16,3],"14":[2,199],"15":[201,194],"16":[200,6],"17":[6,200],"18":[18,3],"19":[21,20],"20":[16,8],"21":[2,6],"22":[1,5],"23":[1,0],"24":[1,0],"25":[1,1],"26":[1,130],"27":[1,0],"28":[1,1],"29":[12,118],"30":[17,0],"31":[17,0],"32":[1,16],"33":[192,0],"34":[216,0],"35":[184,32],"36":[160,24],"37":[184,172],"38":[160,0],"39":[160,0],"40":[160,0],"41":[184,0],"42":[192,0],"43":[16,200],"44":[216,192],"45":[12,188],"46":[1,187],"47":[188,12],"48":[29,187],"49":[16,13],"50":[16,0],"51":[2],"52":[1,1],"53":[1,0],"54":[1,0],"55":[1,1],"56":[1,0],"57":[1,1],"58":[1,0],"59":[1,0]},"meta":{"lastBranch":60,"lastFunction":12,"lastStatement":262,"seen":{"f:31:16:31:Infinity":0,"s:35:43:35:Infinity":0,"s:36:21:36:Infinity":1,"s:38:23:38:Infinity":2,"b:38:23:38:47:38:47:38:Infinity":0,"s:39:26:39:Infinity":3,"b:39:26:39:56:39:56:39:Infinity":1,"s:40:21:40:Infinity":4,"b:40:21:40:55:40:55:40:Infinity":2,"s:41:20:41:Infinity":5,"b:41:20:41:49:41:49:41:Infinity":3,"s:42:25:42:Infinity":6,"b:42:25:42:51:42:51:42:Infinity":4,"s:43:24:43:Infinity":7,"b:43:24:43:57:43:57:43:Infinity":5,"s:44:25:44:Infinity":8,"b:44:25:44:52:44:52:44:Infinity":6,"s:45:19:45:Infinity":9,"b:45:19:45:39:45:39:45:Infinity":7,"s:49:32:49:Infinity":10,"s:51:2:56:Infinity":11,"s:51:15:51:18":12,"s:54:25:54:Infinity":13,"s:55:4:55:Infinity":14,"s:59:2:96:Infinity":15,"s:59:15:59:18":16,"s:60:26:60:Infinity":17,"s:61:14:61:Infinity":18,"s:62:29:62:Infinity":19,"b:62:39:62:43:62:43:62:Infinity":8,"s:65:4:81:Infinity":20,"s:65:17:65:20":21,"s:66:25:66:Infinity":22,"b:67:6:67:Infinity:undefined:undefined:undefined:undefined":9,"s:67:6:67:Infinity":23,"s:67:27:67:Infinity":24,"s:69:18:69:Infinity":25,"s:72:32:72:Infinity":26,"s:73:29:73:Infinity":27,"s:76:19:76:Infinity":28,"s:77:28:77:Infinity":29,"s:79:6:79:Infinity":30,"s:80:6:80:Infinity":31,"s:83:26:83:Infinity":32,"s:84:16:84:Infinity":33,"s:86:4:93:Infinity":34,"s:95:4:95:Infinity":35,"s:98:26:98:Infinity":36,"b:98:48:98:96:98:96:98:Infinity":10,"s:99:20:99:Infinity":37,"b:99:42:99:78:99:78:99:Infinity":11,"s:101:2:106:Infinity":38,"f:117:16:117:29":1,"s:118:19:118:Infinity":39,"s:119:12:119:Infinity":40,"s:120:2:122:Infinity":41,"s:120:15:120:18":42,"s:121:4:121:Infinity":43,"s:123:2:123:Infinity":44,"f:130:16:130:39":2,"b:130:89:130:107":12,"s:131:19:131:Infinity":45,"b:131:44:131:91:131:91:131:Infinity":13,"s:132:19:132:Infinity":46,"s:133:23:133:Infinity":47,"s:135:2:146:Infinity":48,"s:135:15:135:18":49,"s:136:25:136:Infinity":50,"s:137:4:137:Infinity":51,"s:138:4:138:Infinity":52,"b:140:4:145:Infinity:undefined:undefined:undefined:undefined":14,"s:140:4:145:Infinity":53,"b:140:8:140:27:140:27:140:47":15,"s:143:23:143:Infinity":54,"s:144:6:144:Infinity":55,"s:148:2:148:Infinity":56,"f:156:16:156:29":3,"s:158:20:158:Infinity":57,"s:159:20:159:Infinity":58,"s:160:2:163:Infinity":59,"b:161:4:161:Infinity:undefined:undefined:undefined:undefined":16,"s:161:4:161:Infinity":60,"s:161:16:161:Infinity":61,"b:162:4:162:Infinity:undefined:undefined:undefined:undefined":17,"s:162:4:162:Infinity":62,"s:162:16:162:Infinity":63,"b:164:2:164:Infinity:undefined:undefined:undefined:undefined":18,"s:164:2:164:Infinity":64,"b:164:6:164:22:164:22:164:36":19,"s:164:36:164:Infinity":65,"s:167:10:167:Infinity":66,"s:168:24:168:Infinity":67,"s:169:20:169:Infinity":68,"s:171:2:201:Infinity":69,"s:171:15:171:18":70,"s:172:15:172:Infinity":71,"s:173:17:173:Infinity":72,"s:175:4:181:Infinity":73,"s:175:17:175:20":74,"s:176:20:176:Infinity":75,"s:177:6:177:Infinity":76,"b:178:6:180:Infinity:undefined:undefined:undefined:undefined":20,"s:178:6:180:Infinity":77,"s:179:8:179:Infinity":78,"b:183:4:183:Infinity:undefined:undefined:undefined:undefined":21,"s:183:4:183:Infinity":79,"s:183:34:183:Infinity":80,"s:185:18:185:Infinity":81,"b:186:4:199:Infinity:undefined:undefined:undefined:undefined":22,"s:186:4:199:Infinity":82,"s:188:21:188:Infinity":83,"s:189:6:191:Infinity":84,"s:189:19:189:22":85,"s:190:8:190:Infinity":86,"b:192:6:198:Infinity:undefined:undefined:undefined:undefined":23,"s:192:6:198:Infinity":87,"s:194:30:194:Infinity":88,"b:195:8:197:Infinity:undefined:undefined:undefined:undefined":24,"s:195:8:197:Infinity":89,"b:195:12:195:37:195:37:195:62":25,"s:196:10:196:Infinity":90,"s:200:4:200:Infinity":91,"s:204:12:204:Infinity":92,"s:205:13:205:Infinity":93,"s:206:12:206:Infinity":94,"s:208:2:234:Infinity":95,"s:208:15:208:18":96,"s:209:4:209:Infinity":97,"s:210:15:210:Infinity":98,"s:212:4:214:Infinity":99,"s:212:17:212:20":100,"s:213:6:213:Infinity":101,"b:216:4:221:Infinity:undefined:undefined:undefined:undefined":26,"s:216:4:221:Infinity":102,"s:217:28:217:Infinity":103,"b:218:6:220:Infinity:undefined:undefined:undefined:undefined":27,"s:218:6:220:Infinity":104,"b:218:10:218:35:218:35:218:60":28,"s:219:8:219:Infinity":105,"s:224:15:224:Infinity":106,"s:225:4:227:Infinity":107,"s:225:17:225:20":108,"s:226:6:226:Infinity":109,"b:229:4:233:Infinity:231:11:233:Infinity":29,"s:229:4:233:Infinity":110,"s:230:6:230:Infinity":111,"s:232:6:232:Infinity":112,"s:236:2:236:Infinity":113,"f:242:16:242:29":4,"s:243:16:243:Infinity":114,"f:243:25:243:33":5,"s:243:47:243:70":115,"s:244:2:244:Infinity":116,"f:256:16:256:34":6,"s:257:27:257:Infinity":117,"b:257:27:257:57:257:57:257:Infinity":30,"s:258:29:258:Infinity":118,"b:258:29:258:55:258:55:258:Infinity":31,"b:260:2:262:Infinity:undefined:undefined:undefined:undefined":32,"s:260:2:262:Infinity":119,"s:261:4:261:Infinity":120,"s:265:23:265:Infinity":121,"s:268:23:268:Infinity":122,"s:269:2:271:Infinity":123,"s:270:4:270:Infinity":124,"s:273:39:273:Infinity":125,"s:274:27:274:Infinity":126,"s:277:2:351:Infinity":127,"s:277:15:277:18":128,"s:278:24:278:Infinity":129,"s:279:28:279:Infinity":130,"s:280:26:280:Infinity":131,"s:281:20:281:Infinity":132,"s:283:15:283:Infinity":133,"s:284:16:284:Infinity":134,"s:285:21:285:Infinity":135,"b:288:4:309:Infinity:undefined:undefined:undefined:undefined":33,"s:288:4:309:Infinity":136,"s:289:6:308:Infinity":137,"s:290:29:290:Infinity":138,"b:290:29:290:54:290:54:290:Infinity":34,"b:292:8:307:Infinity:undefined:undefined:undefined:undefined":35,"s:292:8:307:Infinity":139,"s:293:33:293:Infinity":140,"b:294:10:303:Infinity:undefined:undefined:undefined:undefined":36,"s:294:10:303:Infinity":141,"b:294:14:294:37:294:37:294:76":37,"s:295:29:295:Infinity":142,"s:296:31:296:Infinity":143,"s:297:32:297:Infinity":144,"s:300:12:302:Infinity":145,"b:301:15:301:54:301:54:301:Infinity":38,"b:302:16:302:44:302:44:302:49":39,"b:302:63:302:92:302:92:302:97":40,"s:305:35:305:Infinity":146,"b:305:35:305:67:305:67:305:Infinity":41,"s:306:10:306:Infinity":147,"b:312:4:332:Infinity:undefined:undefined:undefined:undefined":42,"s:312:4:332:Infinity":148,"s:313:6:331:Infinity":149,"s:314:27:314:Infinity":150,"b:316:8:322:Infinity:318:15:322:Infinity":43,"s:316:8:322:Infinity":151,"b:316:12:316:45:316:45:316:54":44,"s:317:10:317:Infinity":152,"b:318:15:322:Infinity:320:15:322:Infinity":45,"s:318:15:322:Infinity":153,"s:319:10:319:Infinity":154,"b:320:15:322:Infinity:undefined:undefined:undefined:undefined":46,"s:320:15:322:Infinity":155,"b:320:19:320:50:320:50:320:64":47,"s:321:10:321:Infinity":156,"b:324:8:330:Infinity:undefined:undefined:undefined:undefined":48,"s:324:8:330:Infinity":157,"b:325:10:329:Infinity:327:17:329:Infinity":49,"s:325:10:329:Infinity":158,"s:326:12:326:Infinity":159,"s:328:12:328:Infinity":160,"s:335:23:335:Infinity":161,"s:336:24:336:Infinity":162,"s:337:4:337:Infinity":163,"s:339:4:350:Infinity":164,"s:354:20:354:Infinity":165,"f:354:29:354:33":7,"s:354:38:354:51":166,"s:355:24:355:Infinity":167,"s:356:14:356:Infinity":168,"s:357:20:357:Infinity":169,"s:358:14:358:Infinity":170,"s:360:23:360:Infinity":171,"f:360:32:360:40":8,"s:360:54:360:74":172,"s:361:20:361:Infinity":173,"s:363:21:363:Infinity":174,"b:363:37:363:103:363:103:363:Infinity":50,"s:365:2:372:Infinity":175,"f:382:9:382:23":9,"s:383:2:383:Infinity":176,"f:390:16:390:Infinity":10,"b:393:29:393:Infinity":51,"s:395:17:395:Infinity":177,"b:397:2:405:Infinity:undefined:undefined:undefined:undefined":52,"s:397:2:405:Infinity":178,"s:398:4:404:Infinity":179,"s:407:21:407:Infinity":180,"s:408:18:408:Infinity":181,"s:410:44:410:Infinity":182,"s:415:20:415:Infinity":183,"s:416:19:416:Infinity":184,"s:417:20:417:Infinity":185,"s:419:21:419:Infinity":186,"s:420:4:420:Infinity":187,"s:421:19:421:Infinity":188,"s:423:22:423:Infinity":189,"s:424:4:424:Infinity":190,"s:425:20:425:Infinity":191,"s:427:4:439:Infinity":192,"s:444:20:444:Infinity":193,"s:445:19:445:Infinity":194,"s:446:20:446:Infinity":195,"s:448:21:448:Infinity":196,"s:449:4:449:Infinity":197,"s:450:19:450:Infinity":198,"s:452:22:452:Infinity":199,"s:453:4:453:Infinity":200,"s:454:20:454:Infinity":201,"s:456:4:468:Infinity":202,"s:473:20:473:Infinity":203,"s:474:19:474:Infinity":204,"s:475:20:475:Infinity":205,"s:477:21:477:Infinity":206,"s:478:4:478:Infinity":207,"s:479:19:479:Infinity":208,"s:481:22:481:Infinity":209,"s:482:4:482:Infinity":210,"s:483:20:483:Infinity":211,"s:485:4:497:Infinity":212,"s:502:20:502:Infinity":213,"s:503:19:503:Infinity":214,"s:504:20:504:Infinity":215,"s:506:21:506:Infinity":216,"s:507:4:507:Infinity":217,"s:508:19:508:Infinity":218,"s:510:22:510:Infinity":219,"s:511:4:511:Infinity":220,"s:512:20:512:Infinity":221,"s:514:4:526:Infinity":222,"s:531:20:531:Infinity":223,"b:531:20:531:46:531:46:531:Infinity":53,"s:532:19:532:Infinity":224,"s:533:20:533:Infinity":225,"s:535:21:535:Infinity":226,"s:536:4:536:Infinity":227,"s:537:19:537:Infinity":228,"s:539:22:539:Infinity":229,"s:540:4:540:Infinity":230,"s:541:20:541:Infinity":231,"s:543:4:555:Infinity":232,"b:559:2:585:Infinity:undefined:undefined:undefined:undefined":54,"s:559:2:585:Infinity":233,"b:559:6:559:24:559:24:559:51":55,"s:560:21:560:Infinity":234,"s:561:4:563:Infinity":235,"s:562:6:562:Infinity":236,"s:564:19:564:Infinity":237,"s:566:22:566:Infinity":238,"s:567:4:569:Infinity":239,"s:568:6:568:Infinity":240,"s:570:20:570:Infinity":241,"s:572:4:584:Infinity":242,"b:588:2:622:Infinity:undefined:undefined:undefined:undefined":56,"s:588:2:622:Infinity":243,"b:588:6:588:27:588:27:588:57":57,"s:589:21:589:Infinity":244,"s:590:4:596:Infinity":245,"s:591:6:591:Infinity":246,"s:592:6:592:Infinity":247,"b:593:6:595:Infinity:undefined:undefined:undefined:undefined":58,"s:593:6:595:Infinity":248,"s:594:8:594:Infinity":249,"s:597:19:597:Infinity":250,"s:599:22:599:Infinity":251,"s:600:4:606:Infinity":252,"s:601:6:601:Infinity":253,"s:602:6:602:Infinity":254,"b:603:6:605:Infinity:undefined:undefined:undefined:undefined":59,"s:603:6:605:Infinity":255,"s:604:8:604:Infinity":256,"s:607:20:607:Infinity":257,"s:609:4:621:Infinity":258,"s:625:2:625:Infinity":259,"f:625:10:625:16":11,"s:625:25:625:54":260,"s:627:2:633:Infinity":261}}}
,"/Users/piotrlangowski/Documents/Sherpa/src/lib/shared/types.ts": {"path":"/Users/piotrlangowski/Documents/Sherpa/src/lib/shared/types.ts","statementMap":{},"fnMap":{},"branchMap":{},"s":{},"f":{},"b":{},"meta":{"lastBranch":0,"lastFunction":0,"lastStatement":0,"seen":{}}}
}
